\BOOKMARK [0][-]{chapter.1}{Introduction}{}% 1
\BOOKMARK [0][-]{chapter.2}{Background}{}% 2
\BOOKMARK [1][-]{section.2.1}{Parallel programming}{chapter.2}% 3
\BOOKMARK [1][-]{section.2.2}{Embedded programming with mbeddr}{chapter.2}% 4
\BOOKMARK [0][-]{chapter.3}{Design and Translation}{}% 5
\BOOKMARK [1][-]{section.3.1}{Tasks}{chapter.3}% 6
\BOOKMARK [2][-]{subsection.3.1.1}{Design}{section.3.1}% 7
\BOOKMARK [2][-]{subsection.3.1.2}{Translation}{section.3.1}% 8
\BOOKMARK [2][-]{subsection.3.1.3}{Example code}{section.3.1}% 9
\BOOKMARK [1][-]{section.3.2}{Futures}{chapter.3}% 10
\BOOKMARK [2][-]{subsection.3.2.1}{Design}{section.3.2}% 11
\BOOKMARK [2][-]{subsection.3.2.2}{Translation}{section.3.2}% 12
\BOOKMARK [2][-]{subsection.3.2.3}{Example code}{section.3.2}% 13
\BOOKMARK [1][-]{section.3.3}{Shared memory}{chapter.3}% 14
\BOOKMARK [2][-]{subsection.3.3.1}{Design}{section.3.3}% 15
\BOOKMARK [2][-]{subsection.3.3.2}{Translation of shared types}{section.3.3}% 16
\BOOKMARK [2][-]{subsection.3.3.3}{Translation of synchronization statements}{section.3.3}% 17
\BOOKMARK [2][-]{subsection.3.3.4}{Example code}{section.3.3}% 18
\BOOKMARK [1][-]{section.3.4}{Safety measures}{chapter.3}% 19
\BOOKMARK [2][-]{subsection.3.4.1}{Avoidance of implicitly shared unprotected data}{section.3.4}% 20
\BOOKMARK [2][-]{subsection.3.4.2}{Copying pointers to unshared data into tasks}{section.3.4}% 21
\BOOKMARK [2][-]{subsection.3.4.3}{Unsynchronized access to synchronizable data}{section.3.4}% 22
\BOOKMARK [2][-]{subsection.3.4.4}{Address leakage of shared resource values}{section.3.4}% 23
\BOOKMARK [2][-]{subsection.3.4.5}{Overwriting shared resources}{section.3.4}% 24
\BOOKMARK [2][-]{subsection.3.4.6}{Overwriting pointers to shared resources}{section.3.4}% 25
\BOOKMARK [0][-]{chapter.4}{Evaluation}{}% 26
\BOOKMARK [0][-]{section*.17}{Literaturverzeichnis}{}% 27
